<?xml version="1.0" encoding="UTF-8"?>
<testng-results ignored="0" total="1" passed="1" failed="0" skipped="0">
  <reporter-output>
  </reporter-output>
  <suite started-at="2023-08-08T20:22:01 IST" name="Default suite" finished-at="2023-08-08T20:22:01 IST" duration-ms="159">
    <groups>
    </groups>
    <test started-at="2023-08-08T20:22:01 IST" name="Default test" finished-at="2023-08-08T20:22:01 IST" duration-ms="159">
      <class name="devopspractice.test1">
        <test-method signature="method()[pri:0, instance:devopspractice.test1@28f2a10f]" started-at="2023-08-08T20:22:01 IST" name="method" finished-at="2023-08-08T20:22:01 IST" duration-ms="29" status="PASS">
          <reporter-output>
          </reporter-output>
        </test-method> <!-- method -->
      </class> <!-- devopspractice.test1 -->
    </test> <!-- Default test -->
  </suite> <!-- Default suite -->
</testng-results>
